TN:
SF:parser.js
FN:5,(anonymous_0)
FNF:1
FNH:1
FNDA:4,(anonymous_0)
DA:5,1
DA:6,4
DA:7,4
DA:8,0
DA:9,0
DA:11,4
DA:12,0
DA:13,0
DA:14,0
DA:16,0
DA:19,4
LF:11
LH:5
BRDA:7,0,0,0
BRDA:7,0,1,4
BRDA:11,1,0,0
BRDA:11,1,1,4
BRDA:11,2,0,4
BRDA:11,2,1,4
BRF:6
BRH:4
end_of_record
TN:
SF:src/gendiff.js
FN:4,(anonymous_0)
FN:8,(anonymous_1)
FN:28,(anonymous_2)
FN:30,(anonymous_3)
FN:48,(anonymous_4)
FNF:5
FNH:3
FNDA:2,(anonymous_0)
FNDA:0,(anonymous_1)
FNDA:2,(anonymous_2)
FNDA:0,(anonymous_3)
FNDA:2,(anonymous_4)
DA:4,1
DA:5,2
DA:6,2
DA:8,2
DA:9,0
DA:10,0
DA:12,0
DA:13,0
DA:15,0
DA:16,0
DA:18,0
DA:19,0
DA:23,0
DA:25,2
DA:28,1
DA:29,2
DA:30,2
DA:31,0
DA:32,0
DA:34,0
DA:35,0
DA:37,0
DA:38,0
DA:40,0
DA:41,0
DA:42,0
DA:45,2
DA:48,1
DA:49,2
DA:50,2
DA:51,2
DA:52,2
DA:53,2
DA:54,2
DA:55,2
DA:56,2
LF:36
LH:18
BRDA:12,0,0,0
BRDA:12,0,1,0
BRDA:15,1,0,0
BRDA:15,1,1,0
BRDA:18,2,0,0
BRDA:18,2,1,0
BRDA:31,3,0,0
BRDA:31,3,1,0
BRDA:34,4,0,0
BRDA:34,4,1,0
BRDA:37,5,0,0
BRDA:37,5,1,0
BRDA:40,6,0,0
BRDA:40,6,1,0
BRF:14
BRH:0
end_of_record
